<?xml version="1.0" encoding="UTF-8"?>
<testsuite xmlns:xsi="http://www.w3.org/2001/XMLSchema-instance" xsi:noNamespaceSchemaLocation="https://maven.apache.org/surefire/maven-surefire-plugin/xsd/surefire-test-report-3.0.xsd" version="3.0" name="com.firstproject.FirstProject.FirstProjectApplicationTests" time="5.4" tests="1" errors="0" skipped="0" failures="0">
  <properties>
[...]
</properties>
  <testcase name="contextLoads" classname="com.firstproject.FirstProject.FirstProjectApplicationTests" time="1.504">
    <system-out><![CDATA[23:32:25.332 [main] INFO org.springframework.test.context.support.AnnotationConfigContextLoaderUtils -- Could not detect default configuration classes for test class [com.firstproject.FirstProject.FirstProjectApplicationTests]: FirstProjectApplicationTests does not declare any static, non-private, non-final, nested classes annotated with @Configuration.
23:32:25.471 [main] INFO org.springframework.boot.test.context.SpringBootTestContextBootstrapper -- Found @SpringBootConfiguration com.firstproject.FirstProject.FirstProjectApplication for test class com.firstproject.FirstProject.FirstProjectApplicationTests
23:32:25.688 [main] INFO org.springframework.boot.devtools.restart.RestartApplicationListener -- Restart disabled due to context in which it is running

  .   ____          _            __ _ _
 /\\ / ___'_ __ _ _(_)_ __  __ _ \ \ \ \
( ( )\___ | '_ | '_| | '_ \/ _` | \ \ \ \
 \\/  ___)| |_)| | | | | || (_| |  ) ) ) )
  '  |____| .__|_| |_|_| |_\__, | / / / /
 =========|_|==============|___/=/_/_/_/
 :: Spring Boot ::                (v3.2.5)

2024-05-29T23:32:26.047+05:30  INFO 38152 --- [First-Project] [           main] c.f.F.FirstProjectApplicationTests       : Starting FirstProjectApplicationTests using Java 21.0.2 with PID 38152 (started by HP in C:\Users\HP\Documents\spring-boot\First-Project)
2024-05-29T23:32:26.048+05:30  INFO 38152 --- [First-Project] [           main] c.f.F.FirstProjectApplicationTests       : No active profile set, falling back to 1 default profile: "default"
2024-05-29T23:32:28.531+05:30  WARN 38152 --- [First-Project] [           main] .s.s.UserDetailsServiceAutoConfiguration : 

Using generated security password: a1b26d37-0feb-4190-8c9f-7998ff32fe78

This generated password is for development use only. Your security configuration must be updated before running your application in production.

2024-05-29T23:32:28.701+05:30  INFO 38152 --- [First-Project] [           main] o.s.b.a.e.web.EndpointLinksResolver      : Exposing 13 endpoint(s) beneath base path '/actuator'
2024-05-29T23:32:28.722+05:30  INFO 38152 --- [First-Project] [           main] o.s.s.web.DefaultSecurityFilterChain     : Will secure any request with [org.springframework.security.web.session.DisableEncodeUrlFilter@35d7386b, org.springframework.security.web.context.request.async.WebAsyncManagerIntegrationFilter@21002393, org.springframework.security.web.context.SecurityContextHolderFilter@6d874695, org.springframework.security.web.header.HeaderWriterFilter@2f8c4fae, org.springframework.web.filter.CorsFilter@718989fa, org.springframework.security.web.csrf.CsrfFilter@3bbb8c16, org.springframework.security.web.authentication.logout.LogoutFilter@7a3f08b6, org.springframework.security.web.authentication.UsernamePasswordAuthenticationFilter@38cfecf3, org.springframework.security.web.authentication.ui.DefaultLoginPageGeneratingFilter@72af90e8, org.springframework.security.web.authentication.ui.DefaultLogoutPageGeneratingFilter@69f080ad, org.springframework.security.web.authentication.www.BasicAuthenticationFilter@9b3be1c, org.springframework.security.web.savedrequest.RequestCacheAwareFilter@79add732, org.springframework.security.web.servletapi.SecurityContextHolderAwareRequestFilter@3be3e76c, org.springframework.security.web.authentication.AnonymousAuthenticationFilter@6568f998, org.springframework.security.web.access.ExceptionTranslationFilter@62ea8931, org.springframework.security.web.access.intercept.AuthorizationFilter@5d14e99e]
2024-05-29T23:32:28.841+05:30  INFO 38152 --- [First-Project] [           main] c.f.F.FirstProjectApplicationTests       : Started FirstProjectApplicationTests in 3.178 seconds (process running for 4.411)
]]></system-out>
    <system-err><![CDATA[WARNING: A Java agent has been loaded dynamically (C:\Users\HP\.m2\repository\net\bytebuddy\byte-buddy-agent\1.14.13\byte-buddy-agent-1.14.13.jar)
WARNING: If a serviceability tool is in use, please run with -XX:+EnableDynamicAgentLoading to hide this warning
WARNING: If a serviceability tool is not in use, please run with -Djdk.instrument.traceUsage for more information
WARNING: Dynamic loading of agents will be disallowed by default in a future release
]]></system-err>
  </testcase>
</testsuite>